<?xml version="1.0" encoding="UTF-8"?>
<testsuite xmlns:xsi="http://www.w3.org/2001/XMLSchema-instance" xsi:noNamespaceSchemaLocation="https://maven.apache.org/surefire/maven-surefire-plugin/xsd/surefire-test-report.xsd" name="TestSuite" time="19.557" tests="3" errors="0" skipped="0" failures="1">
  <properties>
    <property name="sun.desktop" value="windows"/>
    <property name="awt.toolkit" value="sun.awt.windows.WToolkit"/>
    <property name="file.encoding.pkg" value="sun.io"/>
    <property name="java.specification.version" value="1.8"/>
    <property name="sun.cpu.isalist" value="amd64"/>
    <property name="sun.jnu.encoding" value="Cp1252"/>
    <property name="java.class.path" value="E:\samsung lap\E\APIWorkspace\AssuredRestPractise\target\test-classes;E:\samsung lap\E\APIWorkspace\AssuredRestPractise\target\classes;C:\Users\OhYesAbhi\.m2\repository\org\testng\testng\6.0.1\testng-6.0.1.jar;C:\Users\OhYesAbhi\.m2\repository\junit\junit\3.8.1\junit-3.8.1.jar;C:\Users\OhYesAbhi\.m2\repository\org\beanshell\bsh\2.0b4\bsh-2.0b4.jar;C:\Users\OhYesAbhi\.m2\repository\com\beust\jcommander\1.12\jcommander-1.12.jar;C:\Users\OhYesAbhi\.m2\repository\org\yaml\snakeyaml\1.6\snakeyaml-1.6.jar;C:\Users\OhYesAbhi\.m2\repository\io\rest-assured\rest-assured\4.3.3\rest-assured-4.3.3.jar;C:\Users\OhYesAbhi\.m2\repository\org\codehaus\groovy\groovy\3.0.7\groovy-3.0.7.jar;C:\Users\OhYesAbhi\.m2\repository\org\codehaus\groovy\groovy-xml\3.0.7\groovy-xml-3.0.7.jar;C:\Users\OhYesAbhi\.m2\repository\org\apache\httpcomponents\httpclient\4.5.3\httpclient-4.5.3.jar;C:\Users\OhYesAbhi\.m2\repository\org\apache\httpcomponents\httpcore\4.4.6\httpcore-4.4.6.jar;C:\Users\OhYesAbhi\.m2\repository\commons-logging\commons-logging\1.2\commons-logging-1.2.jar;C:\Users\OhYesAbhi\.m2\repository\commons-codec\commons-codec\1.9\commons-codec-1.9.jar;C:\Users\OhYesAbhi\.m2\repository\org\apache\httpcomponents\httpmime\4.5.3\httpmime-4.5.3.jar;C:\Users\OhYesAbhi\.m2\repository\org\hamcrest\hamcrest\2.1\hamcrest-2.1.jar;C:\Users\OhYesAbhi\.m2\repository\org\ccil\cowan\tagsoup\tagsoup\1.2.1\tagsoup-1.2.1.jar;C:\Users\OhYesAbhi\.m2\repository\io\rest-assured\json-path\4.3.3\json-path-4.3.3.jar;C:\Users\OhYesAbhi\.m2\repository\org\codehaus\groovy\groovy-json\3.0.7\groovy-json-3.0.7.jar;C:\Users\OhYesAbhi\.m2\repository\io\rest-assured\rest-assured-common\4.3.3\rest-assured-common-4.3.3.jar;C:\Users\OhYesAbhi\.m2\repository\io\rest-assured\xml-path\4.3.3\xml-path-4.3.3.jar;C:\Users\OhYesAbhi\.m2\repository\org\apache\commons\commons-lang3\3.11\commons-lang3-3.11.jar;C:\Users\OhYesAbhi\.m2\repository\jakarta\xml\bind\jakarta.xml.bind-api\2.3.3\jakarta.xml.bind-api-2.3.3.jar;C:\Users\OhYesAbhi\.m2\repository\jakarta\activation\jakarta.activation-api\1.2.2\jakarta.activation-api-1.2.2.jar;C:\Users\OhYesAbhi\.m2\repository\com\sun\xml\bind\jaxb-impl\2.3.3\jaxb-impl-2.3.3.jar;C:\Users\OhYesAbhi\.m2\repository\com\googlecode\json-simple\json-simple\1.1\json-simple-1.1.jar;"/>
    <property name="java.vm.vendor" value="Oracle Corporation"/>
    <property name="sun.arch.data.model" value="64"/>
    <property name="user.variant" value=""/>
    <property name="java.vendor.url" value="http://java.oracle.com/"/>
    <property name="user.timezone" value="Asia/Calcutta"/>
    <property name="java.vm.specification.version" value="1.8"/>
    <property name="os.name" value="Windows 10"/>
    <property name="user.country" value="IN"/>
    <property name="sun.java.launcher" value="SUN_STANDARD"/>
    <property name="sun.boot.library.path" value="C:\Program Files\Java\jre1.8.0_333\bin"/>
    <property name="sun.java.command" value="C:\Users\OHYESA~1\AppData\Local\Temp\surefire3739989209469343985\surefirebooter2060523678931695957.jar C:\Users\OhYesAbhi\AppData\Local\Temp\surefire3739989209469343985 2022-08-26T10-16-41_074-jvmRun1 surefire4953008373721201287tmp surefire_05965967067840465905tmp"/>
    <property name="surefire.test.class.path" value="E:\samsung lap\E\APIWorkspace\AssuredRestPractise\target\test-classes;E:\samsung lap\E\APIWorkspace\AssuredRestPractise\target\classes;C:\Users\OhYesAbhi\.m2\repository\org\testng\testng\6.0.1\testng-6.0.1.jar;C:\Users\OhYesAbhi\.m2\repository\junit\junit\3.8.1\junit-3.8.1.jar;C:\Users\OhYesAbhi\.m2\repository\org\beanshell\bsh\2.0b4\bsh-2.0b4.jar;C:\Users\OhYesAbhi\.m2\repository\com\beust\jcommander\1.12\jcommander-1.12.jar;C:\Users\OhYesAbhi\.m2\repository\org\yaml\snakeyaml\1.6\snakeyaml-1.6.jar;C:\Users\OhYesAbhi\.m2\repository\io\rest-assured\rest-assured\4.3.3\rest-assured-4.3.3.jar;C:\Users\OhYesAbhi\.m2\repository\org\codehaus\groovy\groovy\3.0.7\groovy-3.0.7.jar;C:\Users\OhYesAbhi\.m2\repository\org\codehaus\groovy\groovy-xml\3.0.7\groovy-xml-3.0.7.jar;C:\Users\OhYesAbhi\.m2\repository\org\apache\httpcomponents\httpclient\4.5.3\httpclient-4.5.3.jar;C:\Users\OhYesAbhi\.m2\repository\org\apache\httpcomponents\httpcore\4.4.6\httpcore-4.4.6.jar;C:\Users\OhYesAbhi\.m2\repository\commons-logging\commons-logging\1.2\commons-logging-1.2.jar;C:\Users\OhYesAbhi\.m2\repository\commons-codec\commons-codec\1.9\commons-codec-1.9.jar;C:\Users\OhYesAbhi\.m2\repository\org\apache\httpcomponents\httpmime\4.5.3\httpmime-4.5.3.jar;C:\Users\OhYesAbhi\.m2\repository\org\hamcrest\hamcrest\2.1\hamcrest-2.1.jar;C:\Users\OhYesAbhi\.m2\repository\org\ccil\cowan\tagsoup\tagsoup\1.2.1\tagsoup-1.2.1.jar;C:\Users\OhYesAbhi\.m2\repository\io\rest-assured\json-path\4.3.3\json-path-4.3.3.jar;C:\Users\OhYesAbhi\.m2\repository\org\codehaus\groovy\groovy-json\3.0.7\groovy-json-3.0.7.jar;C:\Users\OhYesAbhi\.m2\repository\io\rest-assured\rest-assured-common\4.3.3\rest-assured-common-4.3.3.jar;C:\Users\OhYesAbhi\.m2\repository\io\rest-assured\xml-path\4.3.3\xml-path-4.3.3.jar;C:\Users\OhYesAbhi\.m2\repository\org\apache\commons\commons-lang3\3.11\commons-lang3-3.11.jar;C:\Users\OhYesAbhi\.m2\repository\jakarta\xml\bind\jakarta.xml.bind-api\2.3.3\jakarta.xml.bind-api-2.3.3.jar;C:\Users\OhYesAbhi\.m2\repository\jakarta\activation\jakarta.activation-api\1.2.2\jakarta.activation-api-1.2.2.jar;C:\Users\OhYesAbhi\.m2\repository\com\sun\xml\bind\jaxb-impl\2.3.3\jaxb-impl-2.3.3.jar;C:\Users\OhYesAbhi\.m2\repository\com\googlecode\json-simple\json-simple\1.1\json-simple-1.1.jar;"/>
    <property name="sun.cpu.endian" value="little"/>
    <property name="user.home" value="C:\Users\OhYesAbhi"/>
    <property name="user.language" value="en"/>
    <property name="java.specification.vendor" value="Oracle Corporation"/>
    <property name="java.home" value="C:\Program Files\Java\jre1.8.0_333"/>
    <property name="basedir" value="E:\samsung lap\E\APIWorkspace\AssuredRestPractise"/>
    <property name="file.separator" value="\"/>
    <property name="line.separator" value="&#10;"/>
    <property name="java.vm.specification.vendor" value="Oracle Corporation"/>
    <property name="java.specification.name" value="Java Platform API Specification"/>
    <property name="java.awt.graphicsenv" value="sun.awt.Win32GraphicsEnvironment"/>
    <property name="surefire.real.class.path" value="C:\Users\OHYESA~1\AppData\Local\Temp\surefire3739989209469343985\surefirebooter2060523678931695957.jar"/>
    <property name="sun.boot.class.path" value="C:\Program Files\Java\jre1.8.0_333\lib\resources.jar;C:\Program Files\Java\jre1.8.0_333\lib\rt.jar;C:\Program Files\Java\jre1.8.0_333\lib\sunrsasign.jar;C:\Program Files\Java\jre1.8.0_333\lib\jsse.jar;C:\Program Files\Java\jre1.8.0_333\lib\jce.jar;C:\Program Files\Java\jre1.8.0_333\lib\charsets.jar;C:\Program Files\Java\jre1.8.0_333\lib\jfr.jar;C:\Program Files\Java\jre1.8.0_333\classes"/>
    <property name="user.script" value=""/>
    <property name="sun.management.compiler" value="HotSpot 64-Bit Tiered Compilers"/>
    <property name="java.runtime.version" value="1.8.0_333-b02"/>
    <property name="user.name" value="OhYesAbhi"/>
    <property name="path.separator" value=";"/>
    <property name="os.version" value="10.0"/>
    <property name="java.endorsed.dirs" value="C:\Program Files\Java\jre1.8.0_333\lib\endorsed"/>
    <property name="java.runtime.name" value="Java(TM) SE Runtime Environment"/>
    <property name="file.encoding" value="Cp1252"/>
    <property name="java.vm.name" value="Java HotSpot(TM) 64-Bit Server VM"/>
    <property name="localRepository" value="C:\Users\OhYesAbhi\.m2\repository"/>
    <property name="java.vendor.url.bug" value="http://bugreport.sun.com/bugreport/"/>
    <property name="java.io.tmpdir" value="C:\Users\OHYESA~1\AppData\Local\Temp\"/>
    <property name="java.version" value="1.8.0_333"/>
    <property name="user.dir" value="E:\samsung lap\E\APIWorkspace\AssuredRestPractise"/>
    <property name="os.arch" value="amd64"/>
    <property name="java.vm.specification.name" value="Java Virtual Machine Specification"/>
    <property name="java.awt.printerjob" value="sun.awt.windows.WPrinterJob"/>
    <property name="sun.os.patch.level" value=""/>
    <property name="java.library.path" value="C:\Program Files\Java\jre1.8.0_333\bin;C:\WINDOWS\Sun\Java\bin;C:\WINDOWS\system32;C:\WINDOWS;C:/Program Files/Java/jre1.8.0_333/bin/server;C:/Program Files/Java/jre1.8.0_333/bin;C:/Program Files/Java/jre1.8.0_333/lib/amd64;C:\Program Files (x86)\Common Files\Oracle\Java\javapath;C:\Program Files\Broadcom\Broadcom 802.11 Network Adapter;C:\WINDOWS\system32;C:\WINDOWS;C:\WINDOWS\System32\Wbem;C:\WINDOWS\System32\WindowsPowerShell\v1.0\;C:\Program Files\Git\cmd;C:\WINDOWS\System32\OpenSSH\;C:\Program Files\nodejs\;C:\Users\OhYesAbhi\AppData\Local\Microsoft\WindowsApps;C:\Users\OhYesAbhi\AppData\Roaming\npm;F:\eclipse-jee-2018-09-win32-x86_64\eclipse;;."/>
    <property name="java.vm.info" value="mixed mode"/>
    <property name="java.vendor" value="Oracle Corporation"/>
    <property name="java.vm.version" value="25.333-b02"/>
    <property name="java.ext.dirs" value="C:\Program Files\Java\jre1.8.0_333\lib\ext;C:\WINDOWS\Sun\Java\lib\ext"/>
    <property name="sun.io.unicode.encoding" value="UnicodeLittle"/>
    <property name="java.class.version" value="52.0"/>
  </properties>
  <testcase name="test2" classname="com.rest.AssuredRestPractise.GetTest" time="16.458"/>
  <testcase name="test3" classname="com.rest.AssuredRestPractise.GetTest" time="0.43"/>
  <testcase name="postTest1" classname="com.rest.AssuredRestPractise.PostTest" time="1.231">
    <failure message="1 expectation failed.&#10;Expected status code &lt;200&gt; but was &lt;201&gt;.&#10;" type="java.lang.AssertionError"><![CDATA[java.lang.AssertionError: 
1 expectation failed.
Expected status code <200> but was <201>.

	at com.rest.AssuredRestPractise.PostTest.postTest1(PostTest.java:26)
]]></failure>
  </testcase>
</testsuite>