<?xml version="1.0" encoding="UTF-8"?>
<!-- Generated by org.testng.reporters.JUnitReportReporter -->
<testsuite hostname="Ohyesabhi-PC" name="com.rest.AssuredRestPractise.AppTest" tests="2" failures="0" timestamp="31 Jan 2021 10:45:24 GMT" time="6.570" errors="0">
  <testcase name="test2" time="5.341" classname="com.rest.AssuredRestPractise.AppTest"/>
  <testcase name="test3" time="1.229" classname="com.rest.AssuredRestPractise.AppTest"/>
</testsuite>
