<?xml version="1.0" encoding="UTF-8"?>
<!-- Generated by org.testng.reporters.JUnitReportReporter -->
<testsuite hostname="DESKTOP-BHV63A3" name="com.rest.AssuredRestPractise.GetTest" tests="2" failures="0" timestamp="26 Aug 2022 04:47:07 GMT" time="16.896" errors="0">
  <testcase name="test2" time="16.458" classname="com.rest.AssuredRestPractise.GetTest"/>
  <testcase name="test3" time="0.438" classname="com.rest.AssuredRestPractise.GetTest"/>
</testsuite>
